# JRE version: OpenJDK Runtime Environment (8.0_252-b09) (build 1.8.0_252-8u252-b09-1~16.04-b09)
# Java VM: OpenJDK 64-Bit Server VM (25.252-b09 mixed mode linux-amd64 compressed oops)
Heap:
 PSYoungGen      total 33792K, used 1008K [0x00000000f6100000, 0x00000000f8300000, 0x0000000100000000)
  eden space 32768K, 0% used [0x00000000f6100000,0x00000000f6100000,0x00000000f8100000)
  from space 1024K, 98% used [0x00000000f8100000,0x00000000f81fc010,0x00000000f8200000)
  to   space 1024K, 0% used [0x00000000f8200000,0x00000000f8200000,0x00000000f8300000)
 ParOldGen       total 37888K, used 37454K [0x00000000e2200000, 0x00000000e4700000, 0x00000000f6100000)
  object space 37888K, 98% used [0x00000000e2200000,0x00000000e4693aa0,0x00000000e4700000)
 Metaspace       used 16392K, capacity 16770K, committed 17024K, reserved 1064960K
  class space    used 1984K, capacity 2093K, committed 2176K, reserved 1048576K
GC Heap History (9 events):
Event: 1.917 GC heap before
{Heap before GC invocations=1 (full 0):
 PSYoungGen      total 9216K, used 8192K [0x00000000f6100000, 0x00000000f6b00000, 0x0000000100000000)
  eden space 8192K, 100% used [0x00000000f6100000,0x00000000f6900000,0x00000000f6900000)
  from space 1024K, 0% used [0x00000000f6a00000,0x00000000f6a00000,0x00000000f6b00000)
  to   space 1024K, 0% used [0x00000000f6900000,0x00000000f6900000,0x00000000f6a00000)
 ParOldGen       total 20480K, used 0K [0x00000000e2200000, 0x00000000e3600000, 0x00000000f6100000)
  object space 20480K, 0% used [0x00000000e2200000,0x00000000e2200000,0x00000000e3600000)
 Metaspace       used 6328K, capacity 6466K, committed 6784K, reserved 1056768K
  class space    used 722K, capacity 793K, committed 896K, reserved 1048576K
Event: 1.990 GC heap after
Heap after GC invocations=1 (full 0):
 PSYoungGen      total 9216K, used 997K [0x00000000f6100000, 0x00000000f7300000, 0x0000000100000000)
  eden space 8192K, 0% used [0x00000000f6100000,0x00000000f6100000,0x00000000f6900000)
  from space 1024K, 97% used [0x00000000f6900000,0x00000000f69f96c8,0x00000000f6a00000)
  to   space 1024K, 0% used [0x00000000f7200000,0x00000000f7200000,0x00000000f7300000)
 ParOldGen       total 20480K, used 1097K [0x00000000e2200000, 0x00000000e3600000, 0x00000000f6100000)
  object space 20480K, 5% used [0x00000000e2200000,0x00000000e23124e8,0x00000000e3600000)
 Metaspace       used 6328K, capacity 6466K, committed 6784K, reserved 1056768K
  class space    used 722K, capacity 793K, committed 896K, reserved 1048576K
}
Event: 2.463 GC heap before
{Heap before GC invocations=2 (full 0):
 PSYoungGen      total 9216K, used 9189K [0x00000000f6100000, 0x00000000f7300000, 0x0000000100000000)
  eden space 8192K, 100% used [0x00000000f6100000,0x00000000f6900000,0x00000000f6900000)
  from space 1024K, 97% used [0x00000000f6900000,0x00000000f69f96c8,0x00000000f6a00000)
  to   space 1024K, 0% used [0x00000000f7200000,0x00000000f7200000,0x00000000f7300000)
 ParOldGen       total 20480K, used 1097K [0x00000000e2200000, 0x00000000e3600000, 0x00000000f6100000)
  object space 20480K, 5% used [0x00000000e2200000,0x00000000e23124e8,0x00000000e3600000)
 Metaspace       used 8344K, capacity 8514K, committed 8704K, reserved 1056768K
  class space    used 915K, capacity 985K, committed 1024K, reserved 1048576K
Event: 2.479 GC heap after
Heap after GC invocations=2 (full 0):
 PSYoungGen      total 17408K, used 1008K [0x00000000f6100000, 0x00000000f7300000, 0x0000000100000000)
  eden space 16384K, 0% used [0x00000000f6100000,0x00000000f6100000,0x00000000f7100000)
  from space 1024K, 98% used [0x00000000f7200000,0x00000000f72fc010,0x00000000f7300000)
  to   space 1024K, 0% used [0x00000000f7100000,0x00000000f7100000,0x00000000f7200000)
 ParOldGen       total 20480K, used 2982K [0x00000000e2200000, 0x00000000e3600000, 0x00000000f6100000)
  object space 20480K, 14% used [0x00000000e2200000,0x00000000e24e9888,0x00000000e3600000)
 Metaspace       used 8344K, capacity 8514K, committed 8704K, reserved 1056768K
  class space    used 915K, capacity 985K, committed 1024K, reserved 1048576K
}
Event: 3.037 GC heap before
{Heap before GC invocations=3 (full 0):
 PSYoungGen      total 17408K, used 17392K [0x00000000f6100000, 0x00000000f7300000, 0x0000000100000000)
  eden space 16384K, 100% used [0x00000000f6100000,0x00000000f7100000,0x00000000f7100000)
  from space 1024K, 98% used [0x00000000f7200000,0x00000000f72fc010,0x00000000f7300000)
  to   space 1024K, 0% used [0x00000000f7100000,0x00000000f7100000,0x00000000f7200000)
 ParOldGen       total 20480K, used 2982K [0x00000000e2200000, 0x00000000e3600000, 0x00000000f6100000)
  object space 20480K, 14% used [0x00000000e2200000,0x00000000e24e9888,0x00000000e3600000)
 Metaspace       used 12622K, capacity 12796K, committed 12928K, reserved 1060864K
  class space    used 1475K, capacity 1568K, committed 1664K, reserved 1048576K
Event: 3.073 GC heap after
Heap after GC invocations=3 (full 0):
 PSYoungGen      total 17408K, used 1024K [0x00000000f6100000, 0x00000000f8300000, 0x0000000100000000)
  eden space 16384K, 0% used [0x00000000f6100000,0x00000000f6100000,0x00000000f7100000)
  from space 1024K, 100% used [0x00000000f7100000,0x00000000f7200000,0x00000000f7200000)
  to   space 1024K, 0% used [0x00000000f8200000,0x00000000f8200000,0x00000000f8300000)
 ParOldGen       total 20480K, used 6551K [0x00000000e2200000, 0x00000000e3600000, 0x00000000f6100000)
  object space 20480K, 31% used [0x00000000e2200000,0x00000000e2865d88,0x00000000e3600000)
 Metaspace       used 12622K, capacity 12796K, committed 12928K, reserved 1060864K
  class space    used 1475K, capacity 1568K, committed 1664K, reserved 1048576K
}
Event: 5.079 GC heap before
{Heap before GC invocations=4 (full 0):
 PSYoungGen      total 17408K, used 17408K [0x00000000f6100000, 0x00000000f8300000, 0x0000000100000000)
  eden space 16384K, 100% used [0x00000000f6100000,0x00000000f7100000,0x00000000f7100000)
  from space 1024K, 100% used [0x00000000f7100000,0x00000000f7200000,0x00000000f7200000)
  to   space 1024K, 0% used [0x00000000f8200000,0x00000000f8200000,0x00000000f8300000)
 ParOldGen       total 20480K, used 6551K [0x00000000e2200000, 0x00000000e3600000, 0x00000000f6100000)
  object space 20480K, 31% used [0x00000000e2200000,0x00000000e2865d88,0x00000000e3600000)
 Metaspace       used 15824K, capacity 16226K, committed 16512K, reserved 1062912K
  class space    used 1927K, capacity 2061K, committed 2176K, reserved 1048576K
Event: 5.095 GC heap after
Heap after GC invocations=4 (full 0):
 PSYoungGen      total 33792K, used 1008K [0x00000000f6100000, 0x00000000f8300000, 0x0000000100000000)
  eden space 32768K, 0% used [0x00000000f6100000,0x00000000f6100000,0x00000000f8100000)
  from space 1024K, 98% used [0x00000000f8200000,0x00000000f82fc010,0x00000000f8300000)
  to   space 1024K, 0% used [0x00000000f8100000,0x00000000f8100000,0x00000000f8200000)
 ParOldGen       total 20480K, used 9318K [0x00000000e2200000, 0x00000000e3600000, 0x00000000f6100000)
  object space 20480K, 45% used [0x00000000e2200000,0x00000000e2b19b38,0x00000000e3600000)
 Metaspace       used 15824K, capacity 16226K, committed 16512K, reserved 1062912K
  class space    used 1927K, capacity 2061K, committed 2176K, reserved 1048576K
}
Event: 6.083 GC heap before
{Heap before GC invocations=5 (full 0):
 PSYoungGen      total 33792K, used 33684K [0x00000000f6100000, 0x00000000f8300000, 0x0000000100000000)
  eden space 32768K, 99% used [0x00000000f6100000,0x00000000f80e93b8,0x00000000f8100000)
  from space 1024K, 98% used [0x00000000f8200000,0x00000000f82fc010,0x00000000f8300000)
  to   space 1024K, 0% used [0x00000000f8100000,0x00000000f8100000,0x00000000f8200000)
 ParOldGen       total 20480K, used 9318K [0x00000000e2200000, 0x00000000e3600000, 0x00000000f6100000)
  object space 20480K, 45% used [0x00000000e2200000,0x00000000e2b19b38,0x00000000e3600000)
 Metaspace       used 16392K, capacity 16770K, committed 17024K, reserved 1064960K
  class space    used 1984K, capacity 2093K, committed 2176K, reserved 1048576K

