# JRE version: OpenJDK Runtime Environment (8.0_252-b09) (build 1.8.0_252-8u252-b09-1~16.04-b09)
# Java VM: OpenJDK 64-Bit Server VM (25.252-b09 mixed mode linux-amd64 compressed oops)
Heap:
 PSYoungGen      total 88576K, used 28656K [0x00000000f6100000, 0x00000000fd780000, 0x0000000100000000)
  eden space 59904K, 0% used [0x00000000f6100000,0x00000000f6100000,0x00000000f9b80000)
  from space 28672K, 99% used [0x00000000f9b80000,0x00000000fb77c050,0x00000000fb780000)
  to   space 23040K, 0% used [0x00000000fb780000,0x00000000fb780000,0x00000000fce00000)
 ParOldGen       total 64512K, used 42634K [0x00000000e2200000, 0x00000000e6100000, 0x00000000f6100000)
  object space 64512K, 66% used [0x00000000e2200000,0x00000000e4ba2a18,0x00000000e6100000)
 Metaspace       used 19077K, capacity 19400K, committed 19584K, reserved 1067008K
  class space    used 2261K, capacity 2350K, committed 2432K, reserved 1048576K
GC Heap History (10 events):
Event: 2.270 GC heap after
Heap after GC invocations=3 (full 0):
 PSYoungGen      total 17408K, used 1008K [0x00000000f6100000, 0x00000000f8300000, 0x0000000100000000)
  eden space 16384K, 0% used [0x00000000f6100000,0x00000000f6100000,0x00000000f7100000)
  from space 1024K, 98% used [0x00000000f7100000,0x00000000f71fc010,0x00000000f7200000)
  to   space 1024K, 0% used [0x00000000f8200000,0x00000000f8200000,0x00000000f8300000)
 ParOldGen       total 20480K, used 6588K [0x00000000e2200000, 0x00000000e3600000, 0x00000000f6100000)
  object space 20480K, 32% used [0x00000000e2200000,0x00000000e286f0e0,0x00000000e3600000)
 Metaspace       used 12621K, capacity 12796K, committed 12928K, reserved 1060864K
  class space    used 1476K, capacity 1568K, committed 1664K, reserved 1048576K
}
Event: 7.646 GC heap before
{Heap before GC invocations=4 (full 0):
 PSYoungGen      total 17408K, used 17392K [0x00000000f6100000, 0x00000000f8300000, 0x0000000100000000)
  eden space 16384K, 100% used [0x00000000f6100000,0x00000000f7100000,0x00000000f7100000)
  from space 1024K, 98% used [0x00000000f7100000,0x00000000f71fc010,0x00000000f7200000)
  to   space 1024K, 0% used [0x00000000f8200000,0x00000000f8200000,0x00000000f8300000)
 ParOldGen       total 20480K, used 6588K [0x00000000e2200000, 0x00000000e3600000, 0x00000000f6100000)
  object space 20480K, 32% used [0x00000000e2200000,0x00000000e286f0e0,0x00000000e3600000)
 Metaspace       used 15878K, capacity 16290K, committed 16512K, reserved 1062912K
  class space    used 1928K, capacity 2061K, committed 2176K, reserved 1048576K
Event: 7.969 GC heap after
Heap after GC invocations=4 (full 0):
 PSYoungGen      total 33792K, used 1008K [0x00000000f6100000, 0x00000000f8300000, 0x0000000100000000)
  eden space 32768K, 0% used [0x00000000f6100000,0x00000000f6100000,0x00000000f8100000)
  from space 1024K, 98% used [0x00000000f8200000,0x00000000f82fc010,0x00000000f8300000)
  to   space 1024K, 0% used [0x00000000f8100000,0x00000000f8100000,0x00000000f8200000)
 ParOldGen       total 20480K, used 9355K [0x00000000e2200000, 0x00000000e3600000, 0x00000000f6100000)
  object space 20480K, 45% used [0x00000000e2200000,0x00000000e2b22c98,0x00000000e3600000)
 Metaspace       used 15878K, capacity 16290K, committed 16512K, reserved 1062912K
  class space    used 1928K, capacity 2061K, committed 2176K, reserved 1048576K
}
Event: 10.890 GC heap before
{Heap before GC invocations=5 (full 0):
 PSYoungGen      total 33792K, used 33414K [0x00000000f6100000, 0x00000000f8300000, 0x0000000100000000)
  eden space 32768K, 98% used [0x00000000f6100000,0x00000000f80a5ab0,0x00000000f8100000)
  from space 1024K, 98% used [0x00000000f8200000,0x00000000f82fc010,0x00000000f8300000)
  to   space 1024K, 0% used [0x00000000f8100000,0x00000000f8100000,0x00000000f8200000)
 ParOldGen       total 20480K, used 9355K [0x00000000e2200000, 0x00000000e3600000, 0x00000000f6100000)
  object space 20480K, 45% used [0x00000000e2200000,0x00000000e2b22c98,0x00000000e3600000)
 Metaspace       used 16439K, capacity 16834K, committed 17024K, reserved 1064960K
  class space    used 1984K, capacity 2093K, committed 2176K, reserved 1048576K
Event: 12.296 GC heap after
Heap after GC invocations=5 (full 0):
 PSYoungGen      total 33792K, used 1024K [0x00000000f6100000, 0x00000000fce00000, 0x0000000100000000)
  eden space 32768K, 0% used [0x00000000f6100000,0x00000000f6100000,0x00000000f8100000)
  from space 1024K, 100% used [0x00000000f8100000,0x00000000f8200000,0x00000000f8200000)
  to   space 23040K, 0% used [0x00000000fb780000,0x00000000fb780000,0x00000000fce00000)
 ParOldGen       total 38912K, used 38503K [0x00000000e2200000, 0x00000000e4800000, 0x00000000f6100000)
  object space 38912K, 98% used [0x00000000e2200000,0x00000000e4799f30,0x00000000e4800000)
 Metaspace       used 16439K, capacity 16834K, committed 17024K, reserved 1064960K
  class space    used 1984K, capacity 2093K, committed 2176K, reserved 1048576K
}
Event: 12.298 GC heap before
{Heap before GC invocations=6 (full 1):
 PSYoungGen      total 33792K, used 1024K [0x00000000f6100000, 0x00000000fce00000, 0x0000000100000000)
  eden space 32768K, 0% used [0x00000000f6100000,0x00000000f6100000,0x00000000f8100000)
  from space 1024K, 100% used [0x00000000f8100000,0x00000000f8200000,0x00000000f8200000)
  to   space 23040K, 0% used [0x00000000fb780000,0x00000000fb780000,0x00000000fce00000)
 ParOldGen       total 38912K, used 38503K [0x00000000e2200000, 0x00000000e4800000, 0x00000000f6100000)
  object space 38912K, 98% used [0x00000000e2200000,0x00000000e4799f30,0x00000000e4800000)
 Metaspace       used 16439K, capacity 16834K, committed 17024K, reserved 1064960K
  class space    used 1984K, capacity 2093K, committed 2176K, reserved 1048576K
Event: 12.373 GC heap after
Heap after GC invocations=6 (full 1):
 PSYoungGen      total 33792K, used 0K [0x00000000f6100000, 0x00000000fce00000, 0x0000000100000000)
  eden space 32768K, 0% used [0x00000000f6100000,0x00000000f6100000,0x00000000f8100000)
  from space 1024K, 0% used [0x00000000f8100000,0x00000000f8100000,0x00000000f8200000)
  to   space 23040K, 0% used [0x00000000fb780000,0x00000000fb780000,0x00000000fce00000)
 ParOldGen       total 64512K, used 33390K [0x00000000e2200000, 0x00000000e6100000, 0x00000000f6100000)
  object space 64512K, 51% used [0x00000000e2200000,0x00000000e429b898,0x00000000e6100000)
 Metaspace       used 16439K, capacity 16834K, committed 17024K, reserved 1064960K
  class space    used 1984K, capacity 2093K, committed 2176K, reserved 1048576K
}
Event: 12.885 GC heap before
{Heap before GC invocations=7 (full 1):
 PSYoungGen      total 33792K, used 32025K [0x00000000f6100000, 0x00000000fce00000, 0x0000000100000000)
  eden space 32768K, 97% used [0x00000000f6100000,0x00000000f80466c8,0x00000000f8100000)
  from space 1024K, 0% used [0x00000000f8100000,0x00000000f8100000,0x00000000f8200000)
  to   space 23040K, 0% used [0x00000000fb780000,0x00000000fb780000,0x00000000fce00000)
 ParOldGen       total 64512K, used 33390K [0x00000000e2200000, 0x00000000e6100000, 0x00000000f6100000)
  object space 64512K, 51% used [0x00000000e2200000,0x00000000e429b898,0x00000000e6100000)
 Metaspace       used 16458K, capacity 16834K, committed 17024K, reserved 1064960K
  class space    used 1989K, capacity 2093K, committed 2176K, reserved 1048576K
Event: 12.908 GC heap after
Heap after GC invocations=7 (full 1):
 PSYoungGen      total 82944K, used 22624K [0x00000000f6100000, 0x00000000fd780000, 0x0000000100000000)
  eden space 59904K, 0% used [0x00000000f6100000,0x00000000f6100000,0x00000000f9b80000)
  from space 23040K, 98% used [0x00000000fb780000,0x00000000fcd98160,0x00000000fce00000)
  to   space 28672K, 0% used [0x00000000f9b80000,0x00000000f9b80000,0x00000000fb780000)
 ParOldGen       total 64512K, used 41582K [0x00000000e2200000, 0x00000000e6100000, 0x00000000f6100000)
  object space 64512K, 64% used [0x00000000e2200000,0x00000000e4a9b918,0x00000000e6100000)
 Metaspace       used 16458K, capacity 16834K, committed 17024K, reserved 1064960K
  class space    used 1989K, capacity 2093K, committed 2176K, reserved 1048576K
}
Event: 15.304 GC heap before
{Heap before GC invocations=8 (full 1):
 PSYoungGen      total 82944K, used 82528K [0x00000000f6100000, 0x00000000fd780000, 0x0000000100000000)
  eden space 59904K, 100% used [0x00000000f6100000,0x00000000f9b80000,0x00000000f9b80000)
  from space 23040K, 98% used [0x00000000fb780000,0x00000000fcd98160,0x00000000fce00000)
  to   space 28672K, 0% used [0x00000000f9b80000,0x00000000f9b80000,0x00000000fb780000)
 ParOldGen       total 64512K, used 41582K [0x00000000e2200000, 0x00000000e6100000, 0x00000000f6100000)
  object space 64512K, 64% used [0x00000000e2200000,0x00000000e4a9b918,0x00000000e6100000)
 Metaspace       used 19077K, capacity 19400K, committed 19584K, reserved 1067008K
  class space    used 2261K, capacity 2350K, committed 2432K, reserved 1048576K

