# JRE version: OpenJDK Runtime Environment (8.0_252-b09) (build 1.8.0_252-8u252-b09-1~16.04-b09)
# Java VM: OpenJDK 64-Bit Server VM (25.252-b09 mixed mode linux-amd64 compressed oops)
Heap:
 PSYoungGen      total 33792K, used 1008K [0x00000000f6100000, 0x00000000f8300000, 0x0000000100000000)
  eden space 32768K, 0% used [0x00000000f6100000,0x00000000f6100000,0x00000000f8100000)
  from space 1024K, 98% used [0x00000000f8100000,0x00000000f81fc010,0x00000000f8200000)
  to   space 1024K, 0% used [0x00000000f8200000,0x00000000f8200000,0x00000000f8300000)
 ParOldGen       total 37888K, used 37513K [0x00000000e2200000, 0x00000000e4700000, 0x00000000f6100000)
  object space 37888K, 99% used [0x00000000e2200000,0x00000000e46a2480,0x00000000e4700000)
 Metaspace       used 16374K, capacity 16766K, committed 17024K, reserved 1064960K
  class space    used 1983K, capacity 2093K, committed 2176K, reserved 1048576K
GC Heap History (9 events):
Event: 1.128 GC heap before
{Heap before GC invocations=1 (full 0):
 PSYoungGen      total 9216K, used 8192K [0x00000000f6100000, 0x00000000f6b00000, 0x0000000100000000)
  eden space 8192K, 100% used [0x00000000f6100000,0x00000000f6900000,0x00000000f6900000)
  from space 1024K, 0% used [0x00000000f6a00000,0x00000000f6a00000,0x00000000f6b00000)
  to   space 1024K, 0% used [0x00000000f6900000,0x00000000f6900000,0x00000000f6a00000)
 ParOldGen       total 20480K, used 0K [0x00000000e2200000, 0x00000000e3600000, 0x00000000f6100000)
  object space 20480K, 0% used [0x00000000e2200000,0x00000000e2200000,0x00000000e3600000)
 Metaspace       used 6347K, capacity 6462K, committed 6784K, reserved 1056768K
  class space    used 724K, capacity 793K, committed 896K, reserved 1048576K
Event: 1.149 GC heap after
Heap after GC invocations=1 (full 0):
 PSYoungGen      total 9216K, used 992K [0x00000000f6100000, 0x00000000f7300000, 0x0000000100000000)
  eden space 8192K, 0% used [0x00000000f6100000,0x00000000f6100000,0x00000000f6900000)
  from space 1024K, 96% used [0x00000000f6900000,0x00000000f69f8020,0x00000000f6a00000)
  to   space 1024K, 0% used [0x00000000f7200000,0x00000000f7200000,0x00000000f7300000)
 ParOldGen       total 20480K, used 1063K [0x00000000e2200000, 0x00000000e3600000, 0x00000000f6100000)
  object space 20480K, 5% used [0x00000000e2200000,0x00000000e2309e60,0x00000000e3600000)
 Metaspace       used 6347K, capacity 6462K, committed 6784K, reserved 1056768K
  class space    used 724K, capacity 793K, committed 896K, reserved 1048576K
}
Event: 1.825 GC heap before
{Heap before GC invocations=2 (full 0):
 PSYoungGen      total 9216K, used 9184K [0x00000000f6100000, 0x00000000f7300000, 0x0000000100000000)
  eden space 8192K, 100% used [0x00000000f6100000,0x00000000f6900000,0x00000000f6900000)
  from space 1024K, 96% used [0x00000000f6900000,0x00000000f69f8020,0x00000000f6a00000)
  to   space 1024K, 0% used [0x00000000f7200000,0x00000000f7200000,0x00000000f7300000)
 ParOldGen       total 20480K, used 1063K [0x00000000e2200000, 0x00000000e3600000, 0x00000000f6100000)
  object space 20480K, 5% used [0x00000000e2200000,0x00000000e2309e60,0x00000000e3600000)
 Metaspace       used 8356K, capacity 8510K, committed 8704K, reserved 1056768K
  class space    used 916K, capacity 985K, committed 1024K, reserved 1048576K
Event: 1.853 GC heap after
Heap after GC invocations=2 (full 0):
 PSYoungGen      total 17408K, used 1008K [0x00000000f6100000, 0x00000000f7300000, 0x0000000100000000)
  eden space 16384K, 0% used [0x00000000f6100000,0x00000000f6100000,0x00000000f7100000)
  from space 1024K, 98% used [0x00000000f7200000,0x00000000f72fc010,0x00000000f7300000)
  to   space 1024K, 0% used [0x00000000f7100000,0x00000000f7100000,0x00000000f7200000)
 ParOldGen       total 20480K, used 2982K [0x00000000e2200000, 0x00000000e3600000, 0x00000000f6100000)
  object space 20480K, 14% used [0x00000000e2200000,0x00000000e24e9ae8,0x00000000e3600000)
 Metaspace       used 8356K, capacity 8510K, committed 8704K, reserved 1056768K
  class space    used 916K, capacity 985K, committed 1024K, reserved 1048576K
}
Event: 2.408 GC heap before
{Heap before GC invocations=3 (full 0):
 PSYoungGen      total 17408K, used 17392K [0x00000000f6100000, 0x00000000f7300000, 0x0000000100000000)
  eden space 16384K, 100% used [0x00000000f6100000,0x00000000f7100000,0x00000000f7100000)
  from space 1024K, 98% used [0x00000000f7200000,0x00000000f72fc010,0x00000000f7300000)
  to   space 1024K, 0% used [0x00000000f7100000,0x00000000f7100000,0x00000000f7200000)
 ParOldGen       total 20480K, used 2982K [0x00000000e2200000, 0x00000000e3600000, 0x00000000f6100000)
  object space 20480K, 14% used [0x00000000e2200000,0x00000000e24e9ae8,0x00000000e3600000)
 Metaspace       used 12613K, capacity 12792K, committed 12928K, reserved 1060864K
  class space    used 1475K, capacity 1568K, committed 1664K, reserved 1048576K
Event: 2.418 GC heap after
Heap after GC invocations=3 (full 0):
 PSYoungGen      total 17408K, used 1008K [0x00000000f6100000, 0x00000000f8300000, 0x0000000100000000)
  eden space 16384K, 0% used [0x00000000f6100000,0x00000000f6100000,0x00000000f7100000)
  from space 1024K, 98% used [0x00000000f7100000,0x00000000f71fc010,0x00000000f7200000)
  to   space 1024K, 0% used [0x00000000f8200000,0x00000000f8200000,0x00000000f8300000)
 ParOldGen       total 20480K, used 6562K [0x00000000e2200000, 0x00000000e3600000, 0x00000000f6100000)
  object space 20480K, 32% used [0x00000000e2200000,0x00000000e2868978,0x00000000e3600000)
 Metaspace       used 12613K, capacity 12792K, committed 12928K, reserved 1060864K
  class space    used 1475K, capacity 1568K, committed 1664K, reserved 1048576K
}
Event: 3.402 GC heap before
{Heap before GC invocations=4 (full 0):
 PSYoungGen      total 17408K, used 17392K [0x00000000f6100000, 0x00000000f8300000, 0x0000000100000000)
  eden space 16384K, 100% used [0x00000000f6100000,0x00000000f7100000,0x00000000f7100000)
  from space 1024K, 98% used [0x00000000f7100000,0x00000000f71fc010,0x00000000f7200000)
  to   space 1024K, 0% used [0x00000000f8200000,0x00000000f8200000,0x00000000f8300000)
 ParOldGen       total 20480K, used 6562K [0x00000000e2200000, 0x00000000e3600000, 0x00000000f6100000)
  object space 20480K, 32% used [0x00000000e2200000,0x00000000e2868978,0x00000000e3600000)
 Metaspace       used 15815K, capacity 16190K, committed 16384K, reserved 1062912K
  class space    used 1927K, capacity 2029K, committed 2048K, reserved 1048576K
Event: 3.419 GC heap after
Heap after GC invocations=4 (full 0):
 PSYoungGen      total 33792K, used 992K [0x00000000f6100000, 0x00000000f8300000, 0x0000000100000000)
  eden space 32768K, 0% used [0x00000000f6100000,0x00000000f6100000,0x00000000f8100000)
  from space 1024K, 96% used [0x00000000f8200000,0x00000000f82f8020,0x00000000f8300000)
  to   space 1024K, 0% used [0x00000000f8100000,0x00000000f8100000,0x00000000f8200000)
 ParOldGen       total 20480K, used 9404K [0x00000000e2200000, 0x00000000e3600000, 0x00000000f6100000)
  object space 20480K, 45% used [0x00000000e2200000,0x00000000e2b2f098,0x00000000e3600000)
 Metaspace       used 15815K, capacity 16190K, committed 16384K, reserved 1062912K
  class space    used 1927K, capacity 2029K, committed 2048K, reserved 1048576K
}
Event: 3.741 GC heap before
{Heap before GC invocations=5 (full 0):
 PSYoungGen      total 33792K, used 33029K [0x00000000f6100000, 0x00000000f8300000, 0x0000000100000000)
  eden space 32768K, 97% used [0x00000000f6100000,0x00000000f8049610,0x00000000f8100000)
  from space 1024K, 96% used [0x00000000f8200000,0x00000000f82f8020,0x00000000f8300000)
  to   space 1024K, 0% used [0x00000000f8100000,0x00000000f8100000,0x00000000f8200000)
 ParOldGen       total 20480K, used 9404K [0x00000000e2200000, 0x00000000e3600000, 0x00000000f6100000)
  object space 20480K, 45% used [0x00000000e2200000,0x00000000e2b2f098,0x00000000e3600000)
 Metaspace       used 16374K, capacity 16766K, committed 17024K, reserved 1064960K
  class space    used 1983K, capacity 2093K, committed 2176K, reserved 1048576K

